<?xml version="1.0" encoding="UTF-8"?>
<!-- Generated by org.testng.reporters.JUnitReportReporter -->
<testsuite hostname="Rinaldo" failures="0" tests="2" name="com.mystore.testcases.RegisterTest" time="38.167" errors="0" timestamp="2023-12-16T18:48:07 IST" skipped="0">
  <testcase classname="com.mystore.testcases.RegisterTest" name="RegisterWithExistingUser" time="9.452"/>
  <system-out/>
  <testcase classname="com.mystore.testcases.RegisterTest" name="RegisterNewUser" time="28.715"/>
  <system-out/>
</testsuite> <!-- com.mystore.testcases.RegisterTest -->
