<?xml version="1.0" encoding="UTF-8"?>
<!-- Generated by org.testng.reporters.JUnitReportReporter -->
<testsuite hostname="Rinaldo" failures="0" tests="2" name="com.mystore.testcases.ChromeTestClass" time="6.975" errors="0" timestamp="2023-12-17T18:07:21 IST" skipped="0">
  <testcase classname="com.mystore.testcases.ChromeTestClass" name="goToFacebook" time="3.019"/>
  <system-out/>
  <testcase classname="com.mystore.testcases.ChromeTestClass" name="goToAmazon" time="3.956"/>
  <system-out/>
</testsuite> <!-- com.mystore.testcases.ChromeTestClass -->
