<?xml version="1.0" encoding="UTF-8"?>
<!-- Generated by org.testng.reporters.JUnitReportReporter -->
<testsuite hostname="LAPTOP-J1HLQ16S" failures="0" tests="1" name="com.mystore.testcases.DemoRun" time="0.005" errors="0" timestamp="2023-11-18T14:03:19 IST" skipped="0">
  <testcase classname="com.mystore.testcases.DemoRun" name="test" time="0.005"/>
  <system-out/>
</testsuite> <!-- com.mystore.testcases.DemoRun -->
