<?xml version="1.0" encoding="UTF-8"?>
<!-- Generated by org.testng.reporters.JUnitReportReporter -->
<testsuite hostname="Rinaldo" failures="0" tests="2" name="com.mystore.testcases.FirefoxTestClass" time="13.258" errors="0" timestamp="2023-12-17T18:07:21 IST" skipped="0">
  <testcase classname="com.mystore.testcases.FirefoxTestClass" name="openTwitter" time="7.802"/>
  <system-out/>
  <testcase classname="com.mystore.testcases.FirefoxTestClass" name="openInstagram" time="5.456"/>
  <system-out/>
</testsuite> <!-- com.mystore.testcases.FirefoxTestClass -->
